[ 2014-06-17T20:57:42+08:00 ] 127.0.0.1 /
INFO: [ app_begin ] --START--
INFO: ReadHtmlCache Behavior ::run [ RunTime:0.003351s ]
INFO: [ app_begin ] --END-- [ RunTime:0.003566s ]
SQL: SHOW COLUMNS FROM `db_ad` [ RunTime:0.044556s ]
SQL: SHOW COLUMNS FROM `db_gamea` [ RunTime:0.055783s ]
SQL: SHOW COLUMNS FROM `db_news` [ RunTime:0.069458s ]
SQL: SELECT * FROM `db_ad` WHERE ( ad_open=1 AND c_id=1 ) ORDER BY `update_time` desc LIMIT 4   [ RunTime:0.027290s ]
SQL: SELECT * FROM `db_ad` WHERE ( ad_open=1 AND c_id=2 ) ORDER BY `update_time` desc LIMIT 4   [ RunTime:0.000649s ]
SQL: SELECT * FROM `db_news` WHERE ( is_display=1 ) ORDER BY `is_order` DESC,`add_time` DESC LIMIT 8   [ RunTime:0.031510s ]
INFO: [ view_parse ] --START--
INFO: ParseTemplate Behavior ::run [ RunTime:0.310388s ]
INFO: [ view_parse ] --END-- [ RunTime:0.310682s ]
INFO: [ view_filter ] --START--
INFO: ContentReplace Behavior ::run [ RunTime:0.003115s ]
INFO: TokenBuild Behavior ::run [ RunTime:0.002647s ]
INFO: WriteHtmlCache Behavior ::run [ RunTime:0.002816s ]
INFO: ShowRuntime Behavior ::run [ RunTime:0.003243s ]
INFO: [ view_filter ] --END-- [ RunTime:0.012396s ]
INFO: [ view_end ] --START--
INFO: ShowPageTrace Behavior ::run [ RunTime:0.003532s ]
INFO: [ view_end ] --END-- [ RunTime:0.003811s ]

[ 2014-06-17T20:57:43+08:00 ] 127.0.0.1 /index/getCartoon?_=1403009862734
INFO: [ route_check ] --START--
INFO: CheckRoute Behavior ::run [ RunTime:0.020653s ]
INFO: [ route_check ] --END-- [ RunTime:0.020919s ]
INFO: [ app_begin ] --START--
INFO: ReadHtmlCache Behavior ::run [ RunTime:0.003537s ]
INFO: [ app_begin ] --END-- [ RunTime:0.003778s ]
SQL: SHOW COLUMNS FROM `db_gamea` [ RunTime:0.003572s ]
SQL: SELECT * FROM `db_gamea` WHERE ( is_display=1 AND is_m=1 ) ORDER BY `is_order` DESC,`add_time` DESC LIMIT 5   [ RunTime:0.036278s ]

[ 2014-06-17T20:57:44+08:00 ] 127.0.0.1 /
INFO: [ app_begin ] --START--
INFO: ReadHtmlCache Behavior ::run [ RunTime:0.001915s ]
INFO: [ app_begin ] --END-- [ RunTime:0.002190s ]
SQL: SHOW COLUMNS FROM `db_ad` [ RunTime:0.003406s ]
SQL: SHOW COLUMNS FROM `db_gamea` [ RunTime:0.003198s ]
SQL: SHOW COLUMNS FROM `db_news` [ RunTime:0.003311s ]
SQL: SELECT * FROM `db_ad` WHERE ( ad_open=1 AND c_id=1 ) ORDER BY `update_time` desc LIMIT 4   [ RunTime:0.000603s ]
SQL: SELECT * FROM `db_ad` WHERE ( ad_open=1 AND c_id=2 ) ORDER BY `update_time` desc LIMIT 4   [ RunTime:0.000477s ]
SQL: SELECT * FROM `db_news` WHERE ( is_display=1 ) ORDER BY `is_order` DESC,`add_time` DESC LIMIT 8   [ RunTime:0.000594s ]
INFO: [ view_parse ] --START--
INFO: ParseTemplate Behavior ::run [ RunTime:0.061602s ]
INFO: [ view_parse ] --END-- [ RunTime:0.061800s ]
INFO: [ view_filter ] --START--
INFO: ContentReplace Behavior ::run [ RunTime:0.002145s ]
INFO: TokenBuild Behavior ::run [ RunTime:0.001762s ]
INFO: WriteHtmlCache Behavior ::run [ RunTime:0.001446s ]
INFO: ShowRuntime Behavior ::run [ RunTime:0.001913s ]
INFO: [ view_filter ] --END-- [ RunTime:0.007696s ]
INFO: [ view_end ] --START--
INFO: ShowPageTrace Behavior ::run [ RunTime:0.002347s ]
INFO: [ view_end ] --END-- [ RunTime:0.002498s ]

[ 2014-06-17T20:57:46+08:00 ] 127.0.0.1 /index/getCartoon?_=1403009866230
INFO: [ route_check ] --START--
INFO: CheckRoute Behavior ::run [ RunTime:0.005302s ]
INFO: [ route_check ] --END-- [ RunTime:0.005595s ]
INFO: [ app_begin ] --START--
INFO: ReadHtmlCache Behavior ::run [ RunTime:0.002700s ]
INFO: [ app_begin ] --END-- [ RunTime:0.002895s ]
SQL: SHOW COLUMNS FROM `db_gamea` [ RunTime:0.005894s ]
SQL: SELECT * FROM `db_gamea` WHERE ( is_display=1 AND is_m=1 ) ORDER BY `is_order` DESC,`add_time` DESC LIMIT 5   [ RunTime:0.001061s ]

